<?xml version="1.0" encoding="UTF-8"?>
<testsuite name="RunCukes" time="0.541" tests="30" errors="0" skipped="0" failures="8">
  <properties>
[...]
</properties>
  <testcase name="Test Scenario 1" classname="User tests sample feature file #2" time="0.221">
    <failure type="java.lang.AssertionError:">java.lang.AssertionError: null
	at org.junit.Assert.fail(Assert.java:87)
	at org.junit.Assert.fail(Assert.java:96)
	at stepDefinations.TestStepdefs.thisIsStepForScenario1(TestStepdefs.java:112)
	at ✽.This is step for scenario 1(file:///C:/workplaces/test_automation_framework/src/test/resources/features/testFeature_New.feature:6)
</failure>
    <system-out><![CDATA[
@TestFeatureNew
Scenario: Test Scenario 1           &amp#27;[90m# src/test/resources/features/testFeature_New.feature:5&amp#27;[0m
  &amp#27;[31mGiven &amp#27;[0m&amp#27;[31mThis is step for scenario 1&amp#27;[0m &amp#27;[90m# stepDefinations.TestStepdefs.thisIsStepForScenario1()&amp#27;[0m
      &amp#27;[31mjava.lang.AssertionError
	at org.junit.Assert.fail(Assert.java:87)
	at org.junit.Assert.fail(Assert.java:96)
	at stepDefinations.TestStepdefs.thisIsStepForScenario1(TestStepdefs.java:112)
	at âœ½.This is step for scenario 1(file:///C:/workplaces/test_automation_framework/src/test/resources/features/testFeature_New.feature:6)
&amp#27;[0m
]]></system-out>
    <system-err><![CDATA[SLF4J: Failed to load class "org.slf4j.impl.StaticLoggerBinder".
SLF4J: Defaulting to no-operation (NOP) logger implementation
SLF4J: See http://www.slf4j.org/codes.html#StaticLoggerBinder for further details.
]]></system-err>
  </testcase>
  <testcase name="Test Scenario 2" classname="User tests sample feature file #2" time="0.016"/>
  <testcase name="Test Scenario 3" classname="User tests sample feature file #2" time="0.012"/>
  <testcase name="Test Scenario 4" classname="User tests sample feature file #2" time="0.015"/>
  <testcase name="Test Scenario 5" classname="User tests sample feature file #2" time="0.012"/>
  <testcase name="Test Scenario 6" classname="User tests sample feature file #2" time="0.015"/>
  <testcase name="Test Scenario 7" classname="User tests sample feature file #2" time="0.016">
    <failure type="java.lang.AssertionError:">java.lang.AssertionError: null
	at org.junit.Assert.fail(Assert.java:87)
	at org.junit.Assert.fail(Assert.java:96)
	at stepDefinations.TestStepdefs.thisIsStepForScenario7(TestStepdefs.java:166)
	at ✽.This is step for scenario 7(file:///C:/workplaces/test_automation_framework/src/test/resources/features/testFeature_New.feature:24)
</failure>
    <system-out><![CDATA[
@TestFeatureNew
Scenario: Test Scenario 7           &amp#27;[90m# src/test/resources/features/testFeature_New.feature:23&amp#27;[0m
  &amp#27;[31mGiven &amp#27;[0m&amp#27;[31mThis is step for scenario 7&amp#27;[0m &amp#27;[90m# stepDefinations.TestStepdefs.thisIsStepForScenario7()&amp#27;[0m
      &amp#27;[31mjava.lang.AssertionError
	at org.junit.Assert.fail(Assert.java:87)
	at org.junit.Assert.fail(Assert.java:96)
	at stepDefinations.TestStepdefs.thisIsStepForScenario7(TestStepdefs.java:166)
	at âœ½.This is step for scenario 7(file:///C:/workplaces/test_automation_framework/src/test/resources/features/testFeature_New.feature:24)
&amp#27;[0m
]]></system-out>
  </testcase>
  <testcase name="Test Scenario 8" classname="User tests sample feature file #2" time="0.02"/>
  <testcase name="Test Scenario 9" classname="User tests sample feature file #2" time="0.021"/>
  <testcase name="Test Scenario 10" classname="User tests sample feature file #2" time="0.017"/>
  <testcase name="Test Scenario 11" classname="User tests sample feature file #2" time="0.013"/>
  <testcase name="Test Scenario 12" classname="User tests sample feature file #2" time="0.011">
    <failure type="java.lang.AssertionError:">java.lang.AssertionError: null
	at org.junit.Assert.fail(Assert.java:87)
	at org.junit.Assert.fail(Assert.java:96)
	at stepDefinations.TestStepdefs.thisIsStepForScenario12(TestStepdefs.java:211)
	at ✽.This is step for scenario 12(file:///C:/workplaces/test_automation_framework/src/test/resources/features/testFeature_New.feature:39)
</failure>
    <system-out><![CDATA[
@TestFeatureNew
Scenario: Test Scenario 12           &amp#27;[90m# src/test/resources/features/testFeature_New.feature:38&amp#27;[0m
  &amp#27;[31mGiven &amp#27;[0m&amp#27;[31mThis is step for scenario 12&amp#27;[0m &amp#27;[90m# stepDefinations.TestStepdefs.thisIsStepForScenario12()&amp#27;[0m
      &amp#27;[31mjava.lang.AssertionError
	at org.junit.Assert.fail(Assert.java:87)
	at org.junit.Assert.fail(Assert.java:96)
	at stepDefinations.TestStepdefs.thisIsStepForScenario12(TestStepdefs.java:211)
	at âœ½.This is step for scenario 12(file:///C:/workplaces/test_automation_framework/src/test/resources/features/testFeature_New.feature:39)
&amp#27;[0m
]]></system-out>
  </testcase>
  <testcase name="Test Scenario 13" classname="User tests sample feature file #2" time="0.01">
    <failure type="java.lang.AssertionError:">java.lang.AssertionError: null
	at org.junit.Assert.fail(Assert.java:87)
	at org.junit.Assert.fail(Assert.java:96)
	at stepDefinations.TestStepdefs.thisIsStepForScenario13(TestStepdefs.java:220)
	at ✽.This is step for scenario 13(file:///C:/workplaces/test_automation_framework/src/test/resources/features/testFeature_New.feature:42)
</failure>
    <system-out><![CDATA[
@TestFeatureNew
Scenario: Test Scenario 13           &amp#27;[90m# src/test/resources/features/testFeature_New.feature:41&amp#27;[0m
  &amp#27;[31mGiven &amp#27;[0m&amp#27;[31mThis is step for scenario 13&amp#27;[0m &amp#27;[90m# stepDefinations.TestStepdefs.thisIsStepForScenario13()&amp#27;[0m
      &amp#27;[31mjava.lang.AssertionError
	at org.junit.Assert.fail(Assert.java:87)
	at org.junit.Assert.fail(Assert.java:96)
	at stepDefinations.TestStepdefs.thisIsStepForScenario13(TestStepdefs.java:220)
	at âœ½.This is step for scenario 13(file:///C:/workplaces/test_automation_framework/src/test/resources/features/testFeature_New.feature:42)
&amp#27;[0m
]]></system-out>
  </testcase>
  <testcase name="Test Scenario 14" classname="User tests sample feature file #2" time="0.011"/>
  <testcase name="Test Scenario 15" classname="User tests sample feature file #2" time="0.01">
    <failure type="java.lang.AssertionError:">java.lang.AssertionError: null
	at org.junit.Assert.fail(Assert.java:87)
	at org.junit.Assert.fail(Assert.java:96)
	at stepDefinations.TestStepdefs.thisIsStepForScenario15(TestStepdefs.java:238)
	at ✽.This is step for scenario 15(file:///C:/workplaces/test_automation_framework/src/test/resources/features/testFeature_New.feature:48)
</failure>
    <system-out><![CDATA[
@TestFeatureNew
Scenario: Test Scenario 15           &amp#27;[90m# src/test/resources/features/testFeature_New.feature:47&amp#27;[0m
  &amp#27;[31mGiven &amp#27;[0m&amp#27;[31mThis is step for scenario 15&amp#27;[0m &amp#27;[90m# stepDefinations.TestStepdefs.thisIsStepForScenario15()&amp#27;[0m
      &amp#27;[31mjava.lang.AssertionError
	at org.junit.Assert.fail(Assert.java:87)
	at org.junit.Assert.fail(Assert.java:96)
	at stepDefinations.TestStepdefs.thisIsStepForScenario15(TestStepdefs.java:238)
	at âœ½.This is step for scenario 15(file:///C:/workplaces/test_automation_framework/src/test/resources/features/testFeature_New.feature:48)
&amp#27;[0m
]]></system-out>
  </testcase>
  <testcase name="Test Scenario 16" classname="User tests sample feature file #2" time="0.009"/>
  <testcase name="Test Scenario 17" classname="User tests sample feature file #2" time="0.01"/>
  <testcase name="Test Scenario 18" classname="User tests sample feature file #2" time="0.008"/>
  <testcase name="Test Scenario 19" classname="User tests sample feature file #2" time="0.009"/>
  <testcase name="Test Scenario 20" classname="User tests sample feature file #2" time="0.006"/>
  <testcase name="Test Scenario 21" classname="User tests sample feature file #2" time="0.011"/>
  <testcase name="Test Scenario 22" classname="User tests sample feature file #2" time="0.008">
    <failure type="java.lang.AssertionError:">java.lang.AssertionError: null
	at org.junit.Assert.fail(Assert.java:87)
	at org.junit.Assert.fail(Assert.java:96)
	at stepDefinations.TestStepdefs.thisIsStepForScenario22(TestStepdefs.java:301)
	at ✽.This is step for scenario 22(file:///C:/workplaces/test_automation_framework/src/test/resources/features/testFeature_New.feature:69)
</failure>
    <system-out><![CDATA[
@TestFeatureNew
Scenario: Test Scenario 22           &amp#27;[90m# src/test/resources/features/testFeature_New.feature:68&amp#27;[0m
  &amp#27;[31mGiven &amp#27;[0m&amp#27;[31mThis is step for scenario 22&amp#27;[0m &amp#27;[90m# stepDefinations.TestStepdefs.thisIsStepForScenario22()&amp#27;[0m
      &amp#27;[31mjava.lang.AssertionError
	at org.junit.Assert.fail(Assert.java:87)
	at org.junit.Assert.fail(Assert.java:96)
	at stepDefinations.TestStepdefs.thisIsStepForScenario22(TestStepdefs.java:301)
	at âœ½.This is step for scenario 22(file:///C:/workplaces/test_automation_framework/src/test/resources/features/testFeature_New.feature:69)
&amp#27;[0m
]]></system-out>
  </testcase>
  <testcase name="Test Scenario 23" classname="User tests sample feature file #2" time="0.007"/>
  <testcase name="Test Scenario 24" classname="User tests sample feature file #2" time="0.006"/>
  <testcase name="Test Scenario 25" classname="User tests sample feature file #2" time="0.01">
    <failure type="java.lang.AssertionError:">java.lang.AssertionError: null
	at org.junit.Assert.fail(Assert.java:87)
	at org.junit.Assert.fail(Assert.java:96)
	at stepDefinations.TestStepdefs.thisIsStepForScenario25(TestStepdefs.java:328)
	at ✽.This is step for scenario 25(file:///C:/workplaces/test_automation_framework/src/test/resources/features/testFeature_New.feature:78)
</failure>
    <system-out><![CDATA[
@TestFeatureNew
Scenario: Test Scenario 25           &amp#27;[90m# src/test/resources/features/testFeature_New.feature:77&amp#27;[0m
  &amp#27;[31mGiven &amp#27;[0m&amp#27;[31mThis is step for scenario 25&amp#27;[0m &amp#27;[90m# stepDefinations.TestStepdefs.thisIsStepForScenario25()&amp#27;[0m
      &amp#27;[31mjava.lang.AssertionError
	at org.junit.Assert.fail(Assert.java:87)
	at org.junit.Assert.fail(Assert.java:96)
	at stepDefinations.TestStepdefs.thisIsStepForScenario25(TestStepdefs.java:328)
	at âœ½.This is step for scenario 25(file:///C:/workplaces/test_automation_framework/src/test/resources/features/testFeature_New.feature:78)
&amp#27;[0m
]]></system-out>
  </testcase>
  <testcase name="Test Scenario 26" classname="User tests sample feature file #2" time="0.008"/>
  <testcase name="Test Scenario 27" classname="User tests sample feature file #2" time="0.01">
    <failure type="java.lang.AssertionError:">java.lang.AssertionError: null
	at org.junit.Assert.fail(Assert.java:87)
	at org.junit.Assert.fail(Assert.java:96)
	at stepDefinations.TestStepdefs.thisIsStepForScenario27(TestStepdefs.java:346)
	at ✽.This is step for scenario 27(file:///C:/workplaces/test_automation_framework/src/test/resources/features/testFeature_New.feature:84)
</failure>
    <system-out><![CDATA[
@TestFeatureNew
Scenario: Test Scenario 27           &amp#27;[90m# src/test/resources/features/testFeature_New.feature:83&amp#27;[0m
  &amp#27;[31mGiven &amp#27;[0m&amp#27;[31mThis is step for scenario 27&amp#27;[0m &amp#27;[90m# stepDefinations.TestStepdefs.thisIsStepForScenario27()&amp#27;[0m
      &amp#27;[31mjava.lang.AssertionError
	at org.junit.Assert.fail(Assert.java:87)
	at org.junit.Assert.fail(Assert.java:96)
	at stepDefinations.TestStepdefs.thisIsStepForScenario27(TestStepdefs.java:346)
	at âœ½.This is step for scenario 27(file:///C:/workplaces/test_automation_framework/src/test/resources/features/testFeature_New.feature:84)
&amp#27;[0m
]]></system-out>
  </testcase>
  <testcase name="Test Scenario 28" classname="User tests sample feature file #2" time="0.007"/>
  <testcase name="Test Scenario 29" classname="User tests sample feature file #2" time="0.006"/>
  <testcase name="Test Scenario 30" classname="User tests sample feature file #2" time="0.006"/>
</testsuite>