<?xml version="1.0" encoding="UTF-8"?>
<testsuite name="RunCukes" time="0.189" tests="4" errors="0" skipped="0" failures="0">
  <properties>
[...]
</properties>
  <testcase name="Test Scenario 1" classname="User tests sample feature file" time="0.159"/>
  <testcase name="Test Scenario 2" classname="User tests sample feature file" time="0.011"/>
  <testcase name="Test Scenario 3" classname="User tests sample feature file" time="0.011"/>
  <testcase name="Test Scenario 4" classname="User tests sample feature file" time="0.008"/>
</testsuite>